{"/home/davem/au/codebase/2020/node-typescript-kube-sample/auth/src/app.ts": {"path":"/home/davem/au/codebase/2020/node-typescript-kube-sample/auth/src/app.ts","statementMap":{"0":{"start":{"line":1,"column":0},"end":{"line":1,"column":30}},"1":{"start":{"line":2,"column":0},"end":{"line":2,"column":35}},"2":{"start":{"line":3,"column":0},"end":{"line":3,"column":46}},"3":{"start":{"line":4,"column":12},"end":{"line":4,"column":21}},"4":{"start":{"line":12,"column":9},"end":{"line":12,"column":12}},"5":{"start":{"line":6,"column":0},"end":{"line":6,"column":16}},"6":{"start":{"line":7,"column":0},"end":{"line":7,"column":29}},"7":{"start":{"line":8,"column":0},"end":{"line":8,"column":21}}},"fnMap":{},"branchMap":{},"s":{"0":1,"1":1,"2":1,"3":1,"4":1,"5":1,"6":1,"7":1},"f":{},"b":{}}
,"/home/davem/au/codebase/2020/node-typescript-kube-sample/auth/src/routes/signup.ts": {"path":"/home/davem/au/codebase/2020/node-typescript-kube-sample/auth/src/routes/signup.ts","statementMap":{"0":{"start":{"line":1,"column":0},"end":{"line":1,"column":53}},"1":{"start":{"line":2,"column":0},"end":{"line":2,"column":38}},"2":{"start":{"line":3,"column":0},"end":{"line":3,"column":66}},"3":{"start":{"line":4,"column":15},"end":{"line":4,"column":31}},"4":{"start":{"line":49,"column":19},"end":{"line":49,"column":30}},"5":{"start":{"line":6,"column":0},"end":{"line":47,"column":2}},"6":{"start":{"line":22,"column":40},"end":{"line":22,"column":42}},"7":{"start":{"line":23,"column":6},"end":{"line":27,"column":null}},"8":{"start":{"line":24,"column":8},"end":{"line":24,"column":49}},"9":{"start":{"line":26,"column":8},"end":{"line":26,"column":19}},"10":{"start":{"line":30,"column":36},"end":{"line":46,"column":null}},"11":{"start":{"line":31,"column":10},"end":{"line":31,"column":41}},"12":{"start":{"line":32,"column":4},"end":{"line":34,"column":null}},"13":{"start":{"line":33,"column":6},"end":{"line":33,"column":50}},"14":{"start":{"line":35,"column":10},"end":{"line":35,"column":53}},"15":{"start":{"line":36,"column":25},"end":{"line":36,"column":null}},"16":{"start":{"line":36,"column":10},"end":{"line":36,"column":null}},"17":{"start":{"line":37,"column":4},"end":{"line":39,"column":null}},"18":{"start":{"line":38,"column":6},"end":{"line":38,"column":69}},"19":{"start":{"line":41,"column":10},"end":{"line":41,"column":68}},"20":{"start":{"line":43,"column":4},"end":{"line":43,"column":22}},"21":{"start":{"line":45,"column":4},"end":{"line":45,"column":38}}},"fnMap":{"0":{"name":"(anonymous_14)","decl":{"start":{"line":22,"column":29},"end":{"line":22,"column":30}},"loc":{"start":{"line":22,"column":42},"end":{"line":28,"column":5}}},"1":{"name":"(anonymous_15)","decl":{"start":{"line":30,"column":2},"end":{"line":30,"column":9}},"loc":{"start":{"line":30,"column":36},"end":{"line":46,"column":null}}},"2":{"name":"(anonymous_16)","decl":{"start":{"line":30,"column":36},"end":{"line":30,"column":null}},"loc":{"start":{"line":30,"column":36},"end":{"line":46,"column":null}}}},"branchMap":{"0":{"loc":{"start":{"line":23,"column":6},"end":{"line":27,"column":null}},"type":"if","locations":[{"start":{"line":23,"column":6},"end":{"line":27,"column":null}},{"start":{"line":23,"column":6},"end":{"line":27,"column":null}}]},"1":{"loc":{"start":{"line":32,"column":4},"end":{"line":34,"column":null}},"type":"if","locations":[{"start":{"line":32,"column":4},"end":{"line":34,"column":null}},{"start":{"line":32,"column":4},"end":{"line":34,"column":null}}]},"2":{"loc":{"start":{"line":37,"column":4},"end":{"line":39,"column":null}},"type":"if","locations":[{"start":{"line":37,"column":4},"end":{"line":39,"column":null}},{"start":{"line":37,"column":4},"end":{"line":39,"column":null}}]}},"s":{"0":1,"1":1,"2":1,"3":1,"4":1,"5":1,"6":9,"7":9,"8":2,"9":7,"10":9,"11":9,"12":9,"13":5,"14":4,"15":4,"16":4,"17":4,"18":1,"19":3,"20":6,"21":3},"f":{"0":9,"1":9,"2":9},"b":{"0":[2,7],"1":[5,4],"2":[1,3]}}
}
