TN:
SF:src/app.ts
FNF:0
FNH:0
DA:1,1
DA:2,1
DA:3,1
DA:4,1
DA:6,1
DA:7,1
DA:8,1
DA:12,1
LF:8
LH:8
BRF:0
BRH:0
end_of_record
TN:
SF:src/routes/signup.ts
FN:22,(anonymous_14)
FN:30,(anonymous_15)
FN:30,(anonymous_16)
FNF:3
FNH:3
FNDA:9,(anonymous_14)
FNDA:9,(anonymous_15)
FNDA:9,(anonymous_16)
DA:1,1
DA:2,1
DA:3,1
DA:4,1
DA:6,1
DA:22,9
DA:23,9
DA:24,2
DA:26,7
DA:30,9
DA:31,9
DA:32,9
DA:33,5
DA:35,4
DA:36,4
DA:37,4
DA:38,1
DA:41,3
DA:43,6
DA:45,3
DA:49,1
LF:21
LH:21
BRDA:23,0,0,2
BRDA:23,0,1,7
BRDA:32,1,0,5
BRDA:32,1,1,4
BRDA:37,2,0,1
BRDA:37,2,1,3
BRF:6
BRH:6
end_of_record
